     1 00000000                                 [FORMAT "WCOFF"]
     2 00000000                                 [INSTRSET "i486p"]
     3 00000000                                 [OPTIMIZE 1]
     4 00000000                                 [OPTION 1]
     5 00000000                                 [BITS 32]
     6 00000000                                 	EXTERN	_table_rgb.0
     7 00000000                                 	EXTERN	_io_load_eflags
     8 00000000                                 	EXTERN	_io_cli
     9 00000000                                 	EXTERN	_io_out8
    10 00000000                                 	EXTERN	_io_store_eflags
    11 00000000                                 	EXTERN	_hankaku
    12 00000000                                 [FILE "graphic.c"]
    13                                          [SECTION .data]
    14 00000000                                 _table_rgb.0:
    15 00000000 00                              	DB	0
    16 00000001 00                              	DB	0
    17 00000002 00                              	DB	0
    18 00000003 FF                              	DB	-1
    19 00000004 00                              	DB	0
    20 00000005 00                              	DB	0
    21 00000006 00                              	DB	0
    22 00000007 FF                              	DB	-1
    23 00000008 00                              	DB	0
    24 00000009 FF                              	DB	-1
    25 0000000A FF                              	DB	-1
    26 0000000B 00                              	DB	0
    27 0000000C 00                              	DB	0
    28 0000000D 00                              	DB	0
    29 0000000E FF                              	DB	-1
    30 0000000F FF                              	DB	-1
    31 00000010 00                              	DB	0
    32 00000011 FF                              	DB	-1
    33 00000012 00                              	DB	0
    34 00000013 FF                              	DB	-1
    35 00000014 FF                              	DB	-1
    36 00000015 FF                              	DB	-1
    37 00000016 FF                              	DB	-1
    38 00000017 FF                              	DB	-1
    39 00000018 C6                              	DB	-58
    40 00000019 C6                              	DB	-58
    41 0000001A C6                              	DB	-58
    42 0000001B 84                              	DB	-124
    43 0000001C 00                              	DB	0
    44 0000001D 00                              	DB	0
    45 0000001E 00                              	DB	0
    46 0000001F 84                              	DB	-124
    47 00000020 00                              	DB	0
    48 00000021 84                              	DB	-124
    49 00000022 84                              	DB	-124
    50 00000023 00                              	DB	0
    51 00000024 00                              	DB	0
    52 00000025 00                              	DB	0
    53 00000026 84                              	DB	-124
    54 00000027 84                              	DB	-124
    55 00000028 00                              	DB	0
    56 00000029 84                              	DB	-124
    57 0000002A 00                              	DB	0
    58 0000002B 84                              	DB	-124
    59 0000002C 84                              	DB	-124
    60 0000002D 84                              	DB	-124
    61 0000002E 84                              	DB	-124
    62 0000002F 84                              	DB	-124
    63                                          [SECTION .text]
    64 00000000                                 	GLOBAL	_init_palette
    65 00000000                                 _init_palette:
    66 00000000 55                              	PUSH	EBP
    67 00000001 89 E5                           	MOV	EBP,ESP
    68 00000003 57                              	PUSH	EDI
    69 00000004 56                              	PUSH	ESI
    70 00000005 BE 0000000F                     	MOV	ESI,15
    71 0000000A 53                              	PUSH	EBX
    72 0000000B BB [00000000]                   	MOV	EBX,_table_rgb.0
    73 00000010 E8 [00000000]                   	CALL	_io_load_eflags
    74 00000015 89 C7                           	MOV	EDI,EAX
    75 00000017 E8 [00000000]                   	CALL	_io_cli
    76 0000001C 6A 00                           	PUSH	0
    77 0000001E 68 000003C8                     	PUSH	968
    78 00000023 E8 [00000000]                   	CALL	_io_out8
    79 00000028 58                              	POP	EAX
    80 00000029 5A                              	POP	EDX
    81 0000002A                                 L6:
    82 0000002A 8A 03                           	MOV	AL,BYTE [EBX]
    83 0000002C C0 E8 02                        	SHR	AL,2
    84 0000002F 0F B6 C0                        	MOVZX	EAX,AL
    85 00000032 50                              	PUSH	EAX
    86 00000033 68 000003C9                     	PUSH	969
    87 00000038 E8 [00000000]                   	CALL	_io_out8
    88 0000003D 8A 43 01                        	MOV	AL,BYTE [1+EBX]
    89 00000040 C0 E8 02                        	SHR	AL,2
    90 00000043 0F B6 C0                        	MOVZX	EAX,AL
    91 00000046 50                              	PUSH	EAX
    92 00000047 68 000003C9                     	PUSH	969
    93 0000004C E8 [00000000]                   	CALL	_io_out8
    94 00000051 8A 43 02                        	MOV	AL,BYTE [2+EBX]
    95 00000054 C0 E8 02                        	SHR	AL,2
    96 00000057 83 C3 03                        	ADD	EBX,3
    97 0000005A 0F B6 C0                        	MOVZX	EAX,AL
    98 0000005D 50                              	PUSH	EAX
    99 0000005E 68 000003C9                     	PUSH	969
   100 00000063 E8 [00000000]                   	CALL	_io_out8
   101 00000068 83 C4 18                        	ADD	ESP,24
   102 0000006B 4E                              	DEC	ESI
   103 0000006C 79 BC                           	JNS	L6
   104 0000006E 57                              	PUSH	EDI
   105 0000006F E8 [00000000]                   	CALL	_io_store_eflags
   106 00000074 8D 65 F4                        	LEA	ESP,DWORD [-12+EBP]
   107 00000077 5B                              	POP	EBX
   108 00000078 5E                              	POP	ESI
   109 00000079 5F                              	POP	EDI
   110 0000007A 5D                              	POP	EBP
   111 0000007B C3                              	RET
   112 0000007C                                 	GLOBAL	_draw_rect
   113 0000007C                                 _draw_rect:
   114 0000007C 55                              	PUSH	EBP
   115 0000007D 89 E5                           	MOV	EBP,ESP
   116 0000007F 57                              	PUSH	EDI
   117 00000080 56                              	PUSH	ESI
   118 00000081 53                              	PUSH	EBX
   119 00000082 56                              	PUSH	ESI
   120 00000083 56                              	PUSH	ESI
   121 00000084 8A 45 10                        	MOV	AL,BYTE [16+EBP]
   122 00000087 8B 4D 18                        	MOV	ECX,DWORD [24+EBP]
   123 0000008A 8B 7D 1C                        	MOV	EDI,DWORD [28+EBP]
   124 0000008D 88 45 F3                        	MOV	BYTE [-13+EBP],AL
   125 00000090 3B 4D 20                        	CMP	ECX,DWORD [32+EBP]
   126 00000093 7F 31                           	JG	L21
   127 00000095 8B 5D 0C                        	MOV	EBX,DWORD [12+EBP]
   128 00000098 0F AF D9                        	IMUL	EBX,ECX
   129 0000009B                                 L19:
   130 0000009B 8B 55 14                        	MOV	EDX,DWORD [20+EBP]
   131 0000009E 39 FA                           	CMP	EDX,EDI
   132 000000A0 7F 1B                           	JG	L23
   133 000000A2 8B 75 08                        	MOV	ESI,DWORD [8+EBP]
   134 000000A5 01 DE                           	ADD	ESI,EBX
   135 000000A7 01 D6                           	ADD	ESI,EDX
   136 000000A9 89 75 EC                        	MOV	DWORD [-20+EBP],ESI
   137 000000AC                                 L18:
   138 000000AC 8B 75 EC                        	MOV	ESI,DWORD [-20+EBP]
   139 000000AF 8A 45 F3                        	MOV	AL,BYTE [-13+EBP]
   140 000000B2 42                              	INC	EDX
   141 000000B3 88 06                           	MOV	BYTE [ESI],AL
   142 000000B5 46                              	INC	ESI
   143 000000B6 89 75 EC                        	MOV	DWORD [-20+EBP],ESI
   144 000000B9 39 FA                           	CMP	EDX,EDI
   145 000000BB 7E EF                           	JLE	L18
   146 000000BD                                 L23:
   147 000000BD 41                              	INC	ECX
   148 000000BE 03 5D 0C                        	ADD	EBX,DWORD [12+EBP]
   149 000000C1 3B 4D 20                        	CMP	ECX,DWORD [32+EBP]
   150 000000C4 7E D5                           	JLE	L19
   151 000000C6                                 L21:
   152 000000C6 59                              	POP	ECX
   153 000000C7 5B                              	POP	EBX
   154 000000C8 5B                              	POP	EBX
   155 000000C9 5E                              	POP	ESI
   156 000000CA 5F                              	POP	EDI
   157 000000CB 5D                              	POP	EBP
   158 000000CC C3                              	RET
   159 000000CD                                 	GLOBAL	_init_screen
   160 000000CD                                 _init_screen:
   161 000000CD 55                              	PUSH	EBP
   162 000000CE 89 E5                           	MOV	EBP,ESP
   163 000000D0 57                              	PUSH	EDI
   164 000000D1 56                              	PUSH	ESI
   165 000000D2 53                              	PUSH	EBX
   166 000000D3 83 EC 0C                        	SUB	ESP,12
   167 000000D6 8B 45 10                        	MOV	EAX,DWORD [16+EBP]
   168 000000D9 8B 7D 0C                        	MOV	EDI,DWORD [12+EBP]
   169 000000DC 83 E8 1D                        	SUB	EAX,29
   170 000000DF 4F                              	DEC	EDI
   171 000000E0 50                              	PUSH	EAX
   172 000000E1 57                              	PUSH	EDI
   173 000000E2 6A 00                           	PUSH	0
   174 000000E4 6A 00                           	PUSH	0
   175 000000E6 6A 0C                           	PUSH	12
   176 000000E8 FF 75 0C                        	PUSH	DWORD [12+EBP]
   177 000000EB FF 75 08                        	PUSH	DWORD [8+EBP]
   178 000000EE E8 FFFFFF89                     	CALL	_draw_rect
   179 000000F3 8B 45 10                        	MOV	EAX,DWORD [16+EBP]
   180 000000F6 83 E8 1C                        	SUB	EAX,28
   181 000000F9 50                              	PUSH	EAX
   182 000000FA 8B 45 10                        	MOV	EAX,DWORD [16+EBP]
   183 000000FD 57                              	PUSH	EDI
   184 000000FE 83 E8 0A                        	SUB	EAX,10
   185 00000101 50                              	PUSH	EAX
   186 00000102 6A 00                           	PUSH	0
   187 00000104 6A 0F                           	PUSH	15
   188 00000106 FF 75 0C                        	PUSH	DWORD [12+EBP]
   189 00000109 FF 75 08                        	PUSH	DWORD [8+EBP]
   190 0000010C E8 FFFFFF6B                     	CALL	_draw_rect
   191 00000111 8B 45 10                        	MOV	EAX,DWORD [16+EBP]
   192 00000114 83 C4 38                        	ADD	ESP,56
   193 00000117 83 E8 1B                        	SUB	EAX,27
   194 0000011A 50                              	PUSH	EAX
   195 0000011B 57                              	PUSH	EDI
   196 0000011C 50                              	PUSH	EAX
   197 0000011D 6A 00                           	PUSH	0
   198 0000011F 6A 07                           	PUSH	7
   199 00000121 FF 75 0C                        	PUSH	DWORD [12+EBP]
   200 00000124 FF 75 08                        	PUSH	DWORD [8+EBP]
   201 00000127 E8 FFFFFF50                     	CALL	_draw_rect
   202 0000012C 8B 45 10                        	MOV	EAX,DWORD [16+EBP]
   203 0000012F 48                              	DEC	EAX
   204 00000130 50                              	PUSH	EAX
   205 00000131 8B 45 10                        	MOV	EAX,DWORD [16+EBP]
   206 00000134 57                              	PUSH	EDI
   207 00000135 83 E8 1A                        	SUB	EAX,26
   208 00000138 50                              	PUSH	EAX
   209 00000139 6A 00                           	PUSH	0
   210 0000013B 6A 0F                           	PUSH	15
   211 0000013D FF 75 0C                        	PUSH	DWORD [12+EBP]
   212 00000140 FF 75 08                        	PUSH	DWORD [8+EBP]
   213 00000143 E8 FFFFFF34                     	CALL	_draw_rect
   214 00000148 8B 75 10                        	MOV	ESI,DWORD [16+EBP]
   215 0000014B 83 C4 38                        	ADD	ESP,56
   216 0000014E 83 EE 18                        	SUB	ESI,24
   217 00000151 56                              	PUSH	ESI
   218 00000152 6A 3B                           	PUSH	59
   219 00000154 56                              	PUSH	ESI
   220 00000155 6A 03                           	PUSH	3
   221 00000157 6A 07                           	PUSH	7
   222 00000159 FF 75 0C                        	PUSH	DWORD [12+EBP]
   223 0000015C FF 75 08                        	PUSH	DWORD [8+EBP]
   224 0000015F E8 FFFFFF18                     	CALL	_draw_rect
   225 00000164 8B 45 10                        	MOV	EAX,DWORD [16+EBP]
   226 00000167 83 E8 04                        	SUB	EAX,4
   227 0000016A 50                              	PUSH	EAX
   228 0000016B 89 45 F0                        	MOV	DWORD [-16+EBP],EAX
   229 0000016E 6A 02                           	PUSH	2
   230 00000170 56                              	PUSH	ESI
   231 00000171 6A 02                           	PUSH	2
   232 00000173 6A 07                           	PUSH	7
   233 00000175 FF 75 0C                        	PUSH	DWORD [12+EBP]
   234 00000178 FF 75 08                        	PUSH	DWORD [8+EBP]
   235 0000017B E8 FFFFFEFC                     	CALL	_draw_rect
   236 00000180 83 C4 38                        	ADD	ESP,56
   237 00000183 FF 75 F0                        	PUSH	DWORD [-16+EBP]
   238 00000186 6A 3B                           	PUSH	59
   239 00000188 FF 75 F0                        	PUSH	DWORD [-16+EBP]
   240 0000018B 6A 03                           	PUSH	3
   241 0000018D 6A 08                           	PUSH	8
   242 0000018F FF 75 0C                        	PUSH	DWORD [12+EBP]
   243 00000192 FF 75 08                        	PUSH	DWORD [8+EBP]
   244 00000195 E8 FFFFFEE2                     	CALL	_draw_rect
   245 0000019A 8B 45 10                        	MOV	EAX,DWORD [16+EBP]
   246 0000019D 83 E8 05                        	SUB	EAX,5
   247 000001A0 50                              	PUSH	EAX
   248 000001A1 8B 45 10                        	MOV	EAX,DWORD [16+EBP]
   249 000001A4 6A 3B                           	PUSH	59
   250 000001A6 83 E8 17                        	SUB	EAX,23
   251 000001A9 50                              	PUSH	EAX
   252 000001AA 89 45 EC                        	MOV	DWORD [-20+EBP],EAX
   253 000001AD 6A 3B                           	PUSH	59
   254 000001AF 6A 08                           	PUSH	8
   255 000001B1 FF 75 0C                        	PUSH	DWORD [12+EBP]
   256 000001B4 FF 75 08                        	PUSH	DWORD [8+EBP]
   257 000001B7 E8 FFFFFEC0                     	CALL	_draw_rect
   258 000001BC 8B 45 10                        	MOV	EAX,DWORD [16+EBP]
   259 000001BF 83 C4 38                        	ADD	ESP,56
   260 000001C2 83 E8 03                        	SUB	EAX,3
   261 000001C5 89 45 E8                        	MOV	DWORD [-24+EBP],EAX
   262 000001C8 50                              	PUSH	EAX
   263 000001C9 6A 3B                           	PUSH	59
   264 000001CB 50                              	PUSH	EAX
   265 000001CC 6A 02                           	PUSH	2
   266 000001CE 6A 00                           	PUSH	0
   267 000001D0 FF 75 0C                        	PUSH	DWORD [12+EBP]
   268 000001D3 FF 75 08                        	PUSH	DWORD [8+EBP]
   269 000001D6 E8 FFFFFEA1                     	CALL	_draw_rect
   270 000001DB FF 75 E8                        	PUSH	DWORD [-24+EBP]
   271 000001DE 6A 3C                           	PUSH	60
   272 000001E0 56                              	PUSH	ESI
   273 000001E1 6A 3C                           	PUSH	60
   274 000001E3 6A 00                           	PUSH	0
   275 000001E5 FF 75 0C                        	PUSH	DWORD [12+EBP]
   276 000001E8 FF 75 08                        	PUSH	DWORD [8+EBP]
   277 000001EB E8 FFFFFE8C                     	CALL	_draw_rect
   278 000001F0 8B 7D 0C                        	MOV	EDI,DWORD [12+EBP]
   279 000001F3 83 C4 38                        	ADD	ESP,56
   280 000001F6 8B 5D 0C                        	MOV	EBX,DWORD [12+EBP]
   281 000001F9 83 EB 04                        	SUB	EBX,4
   282 000001FC 83 EF 2F                        	SUB	EDI,47
   283 000001FF 56                              	PUSH	ESI
   284 00000200 53                              	PUSH	EBX
   285 00000201 56                              	PUSH	ESI
   286 00000202 57                              	PUSH	EDI
   287 00000203 6A 08                           	PUSH	8
   288 00000205 FF 75 0C                        	PUSH	DWORD [12+EBP]
   289 00000208 FF 75 08                        	PUSH	DWORD [8+EBP]
   290 0000020B E8 FFFFFE6C                     	CALL	_draw_rect
   291 00000210 FF 75 F0                        	PUSH	DWORD [-16+EBP]
   292 00000213 57                              	PUSH	EDI
   293 00000214 FF 75 EC                        	PUSH	DWORD [-20+EBP]
   294 00000217 57                              	PUSH	EDI
   295 00000218 6A 08                           	PUSH	8
   296 0000021A FF 75 0C                        	PUSH	DWORD [12+EBP]
   297 0000021D FF 75 08                        	PUSH	DWORD [8+EBP]
   298 00000220 E8 FFFFFE57                     	CALL	_draw_rect
   299 00000225 83 C4 38                        	ADD	ESP,56
   300 00000228 FF 75 E8                        	PUSH	DWORD [-24+EBP]
   301 0000022B 53                              	PUSH	EBX
   302 0000022C FF 75 E8                        	PUSH	DWORD [-24+EBP]
   303 0000022F 57                              	PUSH	EDI
   304 00000230 6A 07                           	PUSH	7
   305 00000232 FF 75 0C                        	PUSH	DWORD [12+EBP]
   306 00000235 FF 75 08                        	PUSH	DWORD [8+EBP]
   307 00000238 E8 FFFFFE3F                     	CALL	_draw_rect
   308 0000023D 8B 45 0C                        	MOV	EAX,DWORD [12+EBP]
   309 00000240 FF 75 E8                        	PUSH	DWORD [-24+EBP]
   310 00000243 83 E8 03                        	SUB	EAX,3
   311 00000246 50                              	PUSH	EAX
   312 00000247 56                              	PUSH	ESI
   313 00000248 50                              	PUSH	EAX
   314 00000249 6A 07                           	PUSH	7
   315 0000024B FF 75 0C                        	PUSH	DWORD [12+EBP]
   316 0000024E FF 75 08                        	PUSH	DWORD [8+EBP]
   317 00000251 E8 FFFFFE26                     	CALL	_draw_rect
   318 00000256 8D 65 F4                        	LEA	ESP,DWORD [-12+EBP]
   319 00000259 5B                              	POP	EBX
   320 0000025A 5E                              	POP	ESI
   321 0000025B 5F                              	POP	EDI
   322 0000025C 5D                              	POP	EBP
   323 0000025D C3                              	RET
   324 0000025E                                 	GLOBAL	_draw_char
   325 0000025E                                 _draw_char:
   326 0000025E 55                              	PUSH	EBP
   327 0000025F 89 E5                           	MOV	EBP,ESP
   328 00000261 57                              	PUSH	EDI
   329 00000262 56                              	PUSH	ESI
   330 00000263 53                              	PUSH	EBX
   331 00000264 31 DB                           	XOR	EBX,EBX
   332 00000266 50                              	PUSH	EAX
   333 00000267 8A 45 10                        	MOV	AL,BYTE [16+EBP]
   334 0000026A 8B 7D 1C                        	MOV	EDI,DWORD [28+EBP]
   335 0000026D 88 45 F3                        	MOV	BYTE [-13+EBP],AL
   336 00000270                                 L36:
   337 00000270 8B 45 18                        	MOV	EAX,DWORD [24+EBP]
   338 00000273 8B 55 14                        	MOV	EDX,DWORD [20+EBP]
   339 00000276 01 D8                           	ADD	EAX,EBX
   340 00000278 0F AF 45 0C                     	IMUL	EAX,DWORD [12+EBP]
   341 0000027C 03 45 08                        	ADD	EAX,DWORD [8+EBP]
   342 0000027F 8D 34 02                        	LEA	ESI,DWORD [EDX+EAX*1]
   343 00000282 31 D2                           	XOR	EDX,EDX
   344 00000284 8A 04 3B                        	MOV	AL,BYTE [EBX+EDI*1]
   345 00000287 88 45 F2                        	MOV	BYTE [-14+EBP],AL
   346 0000028A                                 L35:
   347 0000028A B9 00000007                     	MOV	ECX,7
   348 0000028F 29 D1                           	SUB	ECX,EDX
   349 00000291 0F BE 45 F2                     	MOVSX	EAX,BYTE [-14+EBP]
   350 00000295 D3 F8                           	SAR	EAX,CL
   351 00000297 83 E0 01                        	AND	EAX,1
   352 0000029A 74 06                           	JE	L32
   353 0000029C 8A 45 F3                        	MOV	AL,BYTE [-13+EBP]
   354 0000029F 88 04 32                        	MOV	BYTE [EDX+ESI*1],AL
   355 000002A2                                 L32:
   356 000002A2 42                              	INC	EDX
   357 000002A3 83 FA 07                        	CMP	EDX,7
   358 000002A6 7E E2                           	JLE	L35
   359 000002A8 43                              	INC	EBX
   360 000002A9 83 FB 0F                        	CMP	EBX,15
   361 000002AC 7E C2                           	JLE	L36
   362 000002AE 5F                              	POP	EDI
   363 000002AF 5B                              	POP	EBX
   364 000002B0 5E                              	POP	ESI
   365 000002B1 5F                              	POP	EDI
   366 000002B2 5D                              	POP	EBP
   367 000002B3 C3                              	RET
   368 000002B4                                 	GLOBAL	_draw_string
   369 000002B4                                 _draw_string:
   370 000002B4 55                              	PUSH	EBP
   371 000002B5 89 E5                           	MOV	EBP,ESP
   372 000002B7 57                              	PUSH	EDI
   373 000002B8 56                              	PUSH	ESI
   374 000002B9 53                              	PUSH	EBX
   375 000002BA 50                              	PUSH	EAX
   376 000002BB 8B 5D 1C                        	MOV	EBX,DWORD [28+EBP]
   377 000002BE 8A 45 10                        	MOV	AL,BYTE [16+EBP]
   378 000002C1 88 45 F3                        	MOV	BYTE [-13+EBP],AL
   379 000002C4 8B 75 14                        	MOV	ESI,DWORD [20+EBP]
   380 000002C7 8B 7D 18                        	MOV	EDI,DWORD [24+EBP]
   381 000002CA 80 3B 00                        	CMP	BYTE [EBX],0
   382 000002CD 75 08                           	JNE	L45
   383 000002CF                                 L47:
   384 000002CF 8D 65 F4                        	LEA	ESP,DWORD [-12+EBP]
   385 000002D2 5B                              	POP	EBX
   386 000002D3 5E                              	POP	ESI
   387 000002D4 5F                              	POP	EDI
   388 000002D5 5D                              	POP	EBP
   389 000002D6 C3                              	RET
   390 000002D7                                 L45:
   391 000002D7 0F BE 03                        	MOVSX	EAX,BYTE [EBX]
   392 000002DA C1 E0 04                        	SAL	EAX,4
   393 000002DD 43                              	INC	EBX
   394 000002DE 05 [00000000]                   	ADD	EAX,_hankaku
   395 000002E3 50                              	PUSH	EAX
   396 000002E4 57                              	PUSH	EDI
   397 000002E5 56                              	PUSH	ESI
   398 000002E6 83 C6 08                        	ADD	ESI,8
   399 000002E9 0F B6 45 F3                     	MOVZX	EAX,BYTE [-13+EBP]
   400 000002ED 50                              	PUSH	EAX
   401 000002EE FF 75 0C                        	PUSH	DWORD [12+EBP]
   402 000002F1 FF 75 08                        	PUSH	DWORD [8+EBP]
   403 000002F4 E8 FFFFFF65                     	CALL	_draw_char
   404 000002F9 83 C4 18                        	ADD	ESP,24
   405 000002FC 80 3B 00                        	CMP	BYTE [EBX],0
   406 000002FF 75 D6                           	JNE	L45
   407 00000301 EB CC                           	JMP	L47
   408                                          [SECTION .data]
   409 00000030                                 _cursor.1:
   410 00000030 2A 2A 2E 2E 2E 2E 2E 2E 2E 2E   	DB	"**.............."
       0000003A 2E 2E 2E 2E 2E 2E 
   411 00000040 2A 4F 2A 2E 2E 2E 2E 2E 2E 2E   	DB	"*O*............."
       0000004A 2E 2E 2E 2E 2E 2E 
   412 00000050 2A 4F 4F 2A 2E 2E 2E 2E 2E 2E   	DB	"*OO*............"
       0000005A 2E 2E 2E 2E 2E 2E 
   413 00000060 2A 4F 4F 4F 2A 2E 2E 2E 2E 2E   	DB	"*OOO*..........."
       0000006A 2E 2E 2E 2E 2E 2E 
   414 00000070 2A 4F 4F 4F 4F 2A 2E 2E 2E 2E   	DB	"*OOOO*.........."
       0000007A 2E 2E 2E 2E 2E 2E 
   415 00000080 2A 4F 4F 4F 4F 4F 2A 2E 2E 2E   	DB	"*OOOOO*........."
       0000008A 2E 2E 2E 2E 2E 2E 
   416 00000090 2A 4F 4F 4F 4F 4F 4F 2A 2E 2E   	DB	"*OOOOOO*........"
       0000009A 2E 2E 2E 2E 2E 2E 
   417 000000A0 2A 4F 4F 4F 4F 4F 4F 4F 2A 2E   	DB	"*OOOOOOO*......."
       000000AA 2E 2E 2E 2E 2E 2E 
   418 000000B0 2A 4F 4F 4F 4F 4F 4F 4F 4F 2A   	DB	"*OOOOOOOO*......"
       000000BA 2E 2E 2E 2E 2E 2E 
   419 000000C0 2A 4F 4F 4F 2A 2A 2A 2A 2A 2A   	DB	"*OOO*******....."
       000000CA 2A 2E 2E 2E 2E 2E 
   420 000000D0 2A 4F 4F 2A 2E 2E 2E 2E 2E 2E   	DB	"*OO*............"
       000000DA 2E 2E 2E 2E 2E 2E 
   421 000000E0 2A 4F 2A 2E 2E 2E 2E 2E 2E 2E   	DB	"*O*............."
       000000EA 2E 2E 2E 2E 2E 2E 
   422 000000F0 2A 2A 2E 2E 2E 2E 2E 2E 2E 2E   	DB	"**.............."
       000000FA 2E 2E 2E 2E 2E 2E 
   423 00000100 2A 2E 2E 2E 2E 2E 2E 2E 2E 2E   	DB	"*..............."
       0000010A 2E 2E 2E 2E 2E 2E 
   424 00000110 2E 2E 2E 2E 2E 2E 2E 2E 2E 2E   	DB	"................"
       0000011A 2E 2E 2E 2E 2E 2E 
   425 00000120 2E 2E 2E 2E 2E 2E 2E 2E 2E 2E   	DB	"................"
       0000012A 2E 2E 2E 2E 2E 2E 
   426                                          [SECTION .text]
   427 00000303                                 	GLOBAL	_init_mouse_cursor
   428 00000303                                 _init_mouse_cursor:
   429 00000303 55                              	PUSH	EBP
   430 00000304 89 E5                           	MOV	EBP,ESP
   431 00000306 57                              	PUSH	EDI
   432 00000307 56                              	PUSH	ESI
   433 00000308 31 F6                           	XOR	ESI,ESI
   434 0000030A 53                              	PUSH	EBX
   435 0000030B 31 DB                           	XOR	EBX,EBX
   436 0000030D 50                              	PUSH	EAX
   437 0000030E 8A 45 0C                        	MOV	AL,BYTE [12+EBP]
   438 00000311 8B 7D 08                        	MOV	EDI,DWORD [8+EBP]
   439 00000314 88 45 F3                        	MOV	BYTE [-13+EBP],AL
   440 00000317                                 L62:
   441 00000317 31 C9                           	XOR	ECX,ECX
   442 00000319                                 L61:
   443 00000319 8D 04 19                        	LEA	EAX,DWORD [ECX+EBX*1]
   444 0000031C 8A 90 [00000030]                	MOV	DL,BYTE [_cursor.1+EAX]
   445 00000322 80 FA 2A                        	CMP	DL,42
   446 00000325 74 26                           	JE	L67
   447 00000327 80 FA 4F                        	CMP	DL,79
   448 0000032A 74 1B                           	JE	L68
   449 0000032C 8A 55 F3                        	MOV	DL,BYTE [-13+EBP]
   450 0000032F 88 14 38                        	MOV	BYTE [EAX+EDI*1],DL
   451 00000332                                 L55:
   452 00000332 41                              	INC	ECX
   453 00000333 83 F9 0F                        	CMP	ECX,15
   454 00000336 7E E1                           	JLE	L61
   455 00000338 46                              	INC	ESI
   456 00000339 83 C3 10                        	ADD	EBX,16
   457 0000033C 83 FE 0F                        	CMP	ESI,15
   458 0000033F 7E D6                           	JLE	L62
   459 00000341 58                              	POP	EAX
   460 00000342 5B                              	POP	EBX
   461 00000343 5E                              	POP	ESI
   462 00000344 5F                              	POP	EDI
   463 00000345 5D                              	POP	EBP
   464 00000346 C3                              	RET
   465 00000347                                 L68:
   466 00000347 C6 04 38 07                     	MOV	BYTE [EAX+EDI*1],7
   467 0000034B EB E5                           	JMP	L55
   468 0000034D                                 L67:
   469 0000034D C6 04 38 00                     	MOV	BYTE [EAX+EDI*1],0
   470 00000351 EB DF                           	JMP	L55
   471 00000353                                 	GLOBAL	_draw_block
   472 00000353                                 _draw_block:
   473 00000353 55                              	PUSH	EBP
   474 00000354 89 E5                           	MOV	EBP,ESP
   475 00000356 57                              	PUSH	EDI
   476 00000357 56                              	PUSH	ESI
   477 00000358 31 F6                           	XOR	ESI,ESI
   478 0000035A 53                              	PUSH	EBX
   479 0000035B 83 EC 0C                        	SUB	ESP,12
   480 0000035E 3B 75 14                        	CMP	ESI,DWORD [20+EBP]
   481 00000361 7D 3E                           	JGE	L81
   482 00000363 31 FF                           	XOR	EDI,EDI
   483 00000365                                 L79:
   484 00000365 31 DB                           	XOR	EBX,EBX
   485 00000367 3B 5D 10                        	CMP	EBX,DWORD [16+EBP]
   486 0000036A 7D 2C                           	JGE	L83
   487 0000036C 8B 45 20                        	MOV	EAX,DWORD [32+EBP]
   488 0000036F 01 F8                           	ADD	EAX,EDI
   489 00000371 89 45 EC                        	MOV	DWORD [-20+EBP],EAX
   490 00000374                                 L78:
   491 00000374 8B 45 1C                        	MOV	EAX,DWORD [28+EBP]
   492 00000377 8B 55 18                        	MOV	EDX,DWORD [24+EBP]
   493 0000037A 01 F0                           	ADD	EAX,ESI
   494 0000037C 01 DA                           	ADD	EDX,EBX
   495 0000037E 0F AF 45 0C                     	IMUL	EAX,DWORD [12+EBP]
   496 00000382 01 D0                           	ADD	EAX,EDX
   497 00000384 8B 4D 08                        	MOV	ECX,DWORD [8+EBP]
   498 00000387 8B 55 EC                        	MOV	EDX,DWORD [-20+EBP]
   499 0000038A 43                              	INC	EBX
   500 0000038B 8A 12                           	MOV	DL,BYTE [EDX]
   501 0000038D 88 14 08                        	MOV	BYTE [EAX+ECX*1],DL
   502 00000390 FF 45 EC                        	INC	DWORD [-20+EBP]
   503 00000393 3B 5D 10                        	CMP	EBX,DWORD [16+EBP]
   504 00000396 7C DC                           	JL	L78
   505 00000398                                 L83:
   506 00000398 46                              	INC	ESI
   507 00000399 03 7D 24                        	ADD	EDI,DWORD [36+EBP]
   508 0000039C 3B 75 14                        	CMP	ESI,DWORD [20+EBP]
   509 0000039F 7C C4                           	JL	L79
   510 000003A1                                 L81:
   511 000003A1 83 C4 0C                        	ADD	ESP,12
   512 000003A4 5B                              	POP	EBX
   513 000003A5 5E                              	POP	ESI
   514 000003A6 5F                              	POP	EDI
   515 000003A7 5D                              	POP	EBP
   516 000003A8 C3                              	RET
