     1 00000000                                 [FORMAT "WCOFF"]
     2 00000000                                 [INSTRSET "i486p"]
     3 00000000                                 [OPTIMIZE 1]
     4 00000000                                 [OPTION 1]
     5 00000000                                 [BITS 32]
     6 00000000                                 	EXTERN	_draw_rect
     7 00000000                                 	EXTERN	_draw_string
     8 00000000                                 	EXTERN	_closebtn.0
     9 00000000                                 [FILE "window.c"]
    10                                          [SECTION .data]
    11 00000000                                 _closebtn.0:
    12 00000000 4F 4F 4F 4F 4F 4F 4F 4F 4F 4F   	DB	"OOOOOOOOOOOOO@"
       0000000A 4F 4F 4F 40 
    13 0000000E 4F 51 51 51 51 51 51 51 51 51   	DB	"OQQQQQQQQQQQQ@"
       00000018 51 51 51 40 
    14 0000001C 4F 51 51 51 51 51 51 51 51 51   	DB	"OQQQQQQQQQQQQ@"
       00000026 51 51 51 40 
    15 0000002A 4F 51 51 40 40 51 51 51 51 40   	DB	"OQQ@@QQQQ@@QQ@"
       00000034 40 51 51 40 
    16 00000038 4F 51 51 51 40 40 51 51 40 40   	DB	"OQQQ@@QQ@@QQQ@"
       00000042 51 51 51 40 
    17 00000046 4F 51 51 51 51 40 40 40 40 51   	DB	"OQQQQ@@@@QQQQ@"
       00000050 51 51 51 40 
    18 00000054 4F 51 51 51 51 51 40 40 51 51   	DB	"OQQQQQ@@QQQQQ@"
       0000005E 51 51 51 40 
    19 00000062 4F 51 51 51 51 40 40 40 40 51   	DB	"OQQQQ@@@@QQQQ@"
       0000006C 51 51 51 40 
    20 00000070 4F 51 51 51 40 40 51 51 40 40   	DB	"OQQQ@@QQ@@QQQ@"
       0000007A 51 51 51 40 
    21 0000007E 4F 51 51 40 40 51 51 51 51 40   	DB	"OQQ@@QQQQ@@QQ@"
       00000088 40 51 51 40 
    22 0000008C 4F 51 51 51 51 51 51 51 51 51   	DB	"OQQQQQQQQQQQQ@"
       00000096 51 51 51 40 
    23 0000009A 4F 51 51 51 51 51 51 51 51 51   	DB	"OQQQQQQQQQQQQ@"
       000000A4 51 51 51 40 
    24 000000A8 4F 51 51 51 51 51 51 51 51 51   	DB	"OQQQQQQQQQQQQ@"
       000000B2 51 51 51 40 
    25 000000B6 40 40 40 40 40 40 40 40 40 40   	DB	"@@@@@@@@@@@@@@"
       000000C0 40 40 40 40 
    26                                          [SECTION .text]
    27 00000000                                 	GLOBAL	_make_window
    28 00000000                                 _make_window:
    29 00000000 55                              	PUSH	EBP
    30 00000001 89 E5                           	MOV	EBP,ESP
    31 00000003 57                              	PUSH	EDI
    32 00000004 56                              	PUSH	ESI
    33 00000005 53                              	PUSH	EBX
    34 00000006 50                              	PUSH	EAX
    35 00000007 50                              	PUSH	EAX
    36 00000008 8B 7D 0C                        	MOV	EDI,DWORD [12+EBP]
    37 0000000B 6A 00                           	PUSH	0
    38 0000000D 4F                              	DEC	EDI
    39 0000000E 8A 45 18                        	MOV	AL,BYTE [24+EBP]
    40 00000011 57                              	PUSH	EDI
    41 00000012 88 45 F3                        	MOV	BYTE [-13+EBP],AL
    42 00000015 6A 00                           	PUSH	0
    43 00000017 6A 00                           	PUSH	0
    44 00000019 6A 08                           	PUSH	8
    45 0000001B FF 75 0C                        	PUSH	DWORD [12+EBP]
    46 0000001E FF 75 08                        	PUSH	DWORD [8+EBP]
    47 00000021 E8 [00000000]                   	CALL	_draw_rect
    48 00000026 8B 75 0C                        	MOV	ESI,DWORD [12+EBP]
    49 00000029 6A 01                           	PUSH	1
    50 0000002B 83 EE 02                        	SUB	ESI,2
    51 0000002E 56                              	PUSH	ESI
    52 0000002F 6A 01                           	PUSH	1
    53 00000031 6A 01                           	PUSH	1
    54 00000033 6A 07                           	PUSH	7
    55 00000035 FF 75 0C                        	PUSH	DWORD [12+EBP]
    56 00000038 FF 75 08                        	PUSH	DWORD [8+EBP]
    57 0000003B E8 [00000000]                   	CALL	_draw_rect
    58 00000040 8B 45 10                        	MOV	EAX,DWORD [16+EBP]
    59 00000043 83 C4 38                        	ADD	ESP,56
    60 00000046 48                              	DEC	EAX
    61 00000047 89 45 EC                        	MOV	DWORD [-20+EBP],EAX
    62 0000004A 50                              	PUSH	EAX
    63 0000004B 6A 00                           	PUSH	0
    64 0000004D 6A 00                           	PUSH	0
    65 0000004F 6A 00                           	PUSH	0
    66 00000051 6A 08                           	PUSH	8
    67 00000053 FF 75 0C                        	PUSH	DWORD [12+EBP]
    68 00000056 FF 75 08                        	PUSH	DWORD [8+EBP]
    69 00000059 E8 [00000000]                   	CALL	_draw_rect
    70 0000005E 8B 5D 10                        	MOV	EBX,DWORD [16+EBP]
    71 00000061 83 EB 02                        	SUB	EBX,2
    72 00000064 53                              	PUSH	EBX
    73 00000065 6A 01                           	PUSH	1
    74 00000067 6A 01                           	PUSH	1
    75 00000069 6A 01                           	PUSH	1
    76 0000006B 6A 07                           	PUSH	7
    77 0000006D FF 75 0C                        	PUSH	DWORD [12+EBP]
    78 00000070 FF 75 08                        	PUSH	DWORD [8+EBP]
    79 00000073 E8 [00000000]                   	CALL	_draw_rect
    80 00000078 83 C4 38                        	ADD	ESP,56
    81 0000007B 53                              	PUSH	EBX
    82 0000007C 56                              	PUSH	ESI
    83 0000007D 6A 01                           	PUSH	1
    84 0000007F 56                              	PUSH	ESI
    85 00000080 6A 0F                           	PUSH	15
    86 00000082 FF 75 0C                        	PUSH	DWORD [12+EBP]
    87 00000085 FF 75 08                        	PUSH	DWORD [8+EBP]
    88 00000088 E8 [00000000]                   	CALL	_draw_rect
    89 0000008D FF 75 EC                        	PUSH	DWORD [-20+EBP]
    90 00000090 57                              	PUSH	EDI
    91 00000091 6A 00                           	PUSH	0
    92 00000093 57                              	PUSH	EDI
    93 00000094 6A 00                           	PUSH	0
    94 00000096 FF 75 0C                        	PUSH	DWORD [12+EBP]
    95 00000099 FF 75 08                        	PUSH	DWORD [8+EBP]
    96 0000009C E8 [00000000]                   	CALL	_draw_rect
    97 000000A1 8B 45 10                        	MOV	EAX,DWORD [16+EBP]
    98 000000A4 83 C4 38                        	ADD	ESP,56
    99 000000A7 83 E8 03                        	SUB	EAX,3
   100 000000AA 50                              	PUSH	EAX
   101 000000AB 8B 45 0C                        	MOV	EAX,DWORD [12+EBP]
   102 000000AE 83 E8 03                        	SUB	EAX,3
   103 000000B1 50                              	PUSH	EAX
   104 000000B2 6A 02                           	PUSH	2
   105 000000B4 6A 02                           	PUSH	2
   106 000000B6 6A 08                           	PUSH	8
   107 000000B8 FF 75 0C                        	PUSH	DWORD [12+EBP]
   108 000000BB FF 75 08                        	PUSH	DWORD [8+EBP]
   109 000000BE E8 [00000000]                   	CALL	_draw_rect
   110 000000C3 83 C4 1C                        	ADD	ESP,28
   111 000000C6 80 7D F3 00                     	CMP	BYTE [-13+EBP],0
   112 000000CA 0F 84 000000C1                  	JE	L2
   113 000000D0 8B 45 0C                        	MOV	EAX,DWORD [12+EBP]
   114 000000D3 6A 14                           	PUSH	20
   115 000000D5 83 E8 04                        	SUB	EAX,4
   116 000000D8 50                              	PUSH	EAX
   117 000000D9 6A 03                           	PUSH	3
   118 000000DB 6A 03                           	PUSH	3
   119 000000DD 6A 0C                           	PUSH	12
   120 000000DF                                 L23:
   121 000000DF FF 75 0C                        	PUSH	DWORD [12+EBP]
   122 000000E2 FF 75 08                        	PUSH	DWORD [8+EBP]
   123 000000E5 31 FF                           	XOR	EDI,EDI
   124 000000E7 E8 [00000000]                   	CALL	_draw_rect
   125 000000EC 83 C4 1C                        	ADD	ESP,28
   126 000000EF 8B 55 10                        	MOV	EDX,DWORD [16+EBP]
   127 000000F2 83 EA 02                        	SUB	EDX,2
   128 000000F5 8B 45 0C                        	MOV	EAX,DWORD [12+EBP]
   129 000000F8 52                              	PUSH	EDX
   130 000000F9 83 E8 02                        	SUB	EAX,2
   131 000000FC 50                              	PUSH	EAX
   132 000000FD 31 F6                           	XOR	ESI,ESI
   133 000000FF 52                              	PUSH	EDX
   134 00000100 6A 01                           	PUSH	1
   135 00000102 6A 0F                           	PUSH	15
   136 00000104 FF 75 0C                        	PUSH	DWORD [12+EBP]
   137 00000107 FF 75 08                        	PUSH	DWORD [8+EBP]
   138 0000010A E8 [00000000]                   	CALL	_draw_rect
   139 0000010F 8B 45 0C                        	MOV	EAX,DWORD [12+EBP]
   140 00000112 8B 55 10                        	MOV	EDX,DWORD [16+EBP]
   141 00000115 48                              	DEC	EAX
   142 00000116 4A                              	DEC	EDX
   143 00000117 52                              	PUSH	EDX
   144 00000118 50                              	PUSH	EAX
   145 00000119 52                              	PUSH	EDX
   146 0000011A 6A 00                           	PUSH	0
   147 0000011C 6A 00                           	PUSH	0
   148 0000011E FF 75 0C                        	PUSH	DWORD [12+EBP]
   149 00000121 FF 75 08                        	PUSH	DWORD [8+EBP]
   150 00000124 E8 [00000000]                   	CALL	_draw_rect
   151 00000129 83 C4 38                        	ADD	ESP,56
   152 0000012C FF 75 14                        	PUSH	DWORD [20+EBP]
   153 0000012F 6A 04                           	PUSH	4
   154 00000131 6A 08                           	PUSH	8
   155 00000133 6A 07                           	PUSH	7
   156 00000135 FF 75 0C                        	PUSH	DWORD [12+EBP]
   157 00000138 FF 75 08                        	PUSH	DWORD [8+EBP]
   158 0000013B E8 [00000000]                   	CALL	_draw_string
   159 00000140 83 C4 18                        	ADD	ESP,24
   160 00000143 6B 4D 0C 05                     	IMUL	ECX,DWORD [12+EBP],5
   161 00000147                                 L18:
   162 00000147 8B 55 0C                        	MOV	EDX,DWORD [12+EBP]
   163 0000014A 8B 45 08                        	MOV	EAX,DWORD [8+EBP]
   164 0000014D 01 CA                           	ADD	EDX,ECX
   165 0000014F 31 DB                           	XOR	EBX,EBX
   166 00000151 8D 54 10 ED                     	LEA	EDX,DWORD [-19+EAX+EDX*1]
   167 00000155                                 L17:
   168 00000155 8A 84 33 [00000000]             	MOV	AL,BYTE [_closebtn.0+EBX+ESI*1]
   169 0000015C 3C 40                           	CMP	AL,64
   170 0000015E 74 2D                           	JE	L24
   171 00000160 3C 51                           	CMP	AL,81
   172 00000162 74 25                           	JE	L25
   173 00000164 3C 4F                           	CMP	AL,79
   174 00000166 74 1D                           	JE	L26
   175 00000168                                 L13:
   176 00000168 43                              	INC	EBX
   177 00000169 88 02                           	MOV	BYTE [EDX],AL
   178 0000016B 42                              	INC	EDX
   179 0000016C 83 FB 0D                        	CMP	EBX,13
   180 0000016F 7E E4                           	JLE	L17
   181 00000171 47                              	INC	EDI
   182 00000172 83 C6 0E                        	ADD	ESI,14
   183 00000175 03 4D 0C                        	ADD	ECX,DWORD [12+EBP]
   184 00000178 83 FF 0D                        	CMP	EDI,13
   185 0000017B 7E CA                           	JLE	L18
   186 0000017D 8D 65 F4                        	LEA	ESP,DWORD [-12+EBP]
   187 00000180 5B                              	POP	EBX
   188 00000181 5E                              	POP	ESI
   189 00000182 5F                              	POP	EDI
   190 00000183 5D                              	POP	EBP
   191 00000184 C3                              	RET
   192 00000185                                 L26:
   193 00000185 B0 07                           	MOV	AL,7
   194 00000187 EB DF                           	JMP	L13
   195 00000189                                 L25:
   196 00000189 B0 08                           	MOV	AL,8
   197 0000018B EB DB                           	JMP	L13
   198 0000018D                                 L24:
   199 0000018D 31 C0                           	XOR	EAX,EAX
   200 0000018F EB D7                           	JMP	L13
   201 00000191                                 L2:
   202 00000191 8B 45 0C                        	MOV	EAX,DWORD [12+EBP]
   203 00000194 6A 14                           	PUSH	20
   204 00000196 83 E8 04                        	SUB	EAX,4
   205 00000199 50                              	PUSH	EAX
   206 0000019A 6A 03                           	PUSH	3
   207 0000019C 6A 03                           	PUSH	3
   208 0000019E 6A 0F                           	PUSH	15
   209 000001A0 E9 FFFFFF3A                     	JMP	L23
